<?xml version="1.0" encoding="UTF-8"?>
<!-- Generated by org.testng.reporters.JUnitXMLReporter -->
<testsuite ignored="0" hostname="JAM-T-47" failures="0" tests="2" name="Error Validation Test" time="74.342" errors="0" timestamp="2025-11-21T19:11:28 IST">
  <testcase classname="jam.pageobjects.ErrorValidationsTest" name="ErrorVal" time="51.745"/>
  <testcase classname="jam.pageobjects.ErrorValidationsTest" name="productErrorValidationTest" time="17.607"/>
</testsuite> <!-- Error Validation Test -->
