<?xml version="1.0" encoding="UTF-8"?>
<!-- Generated by org.testng.reporters.JUnitXMLReporter -->
<testsuite ignored="0" hostname="JAM-T-47" failures="1" tests="3" name="Submit Order Test" time="62.065" errors="0" timestamp="2025-11-21T19:11:16 IST">
  <testcase classname="jam.pageobjects.SubmitorderTest" name="submitOrderTest1" time="16.644"/>
  <testcase classname="jam.pageobjects.SubmitorderTest" name="submitOrderTest1" time="15.631">
    <failure type="java.lang.AssertionError" message="expected [true] but found [false]">
      <![CDATA[java.lang.AssertionError: expected [true] but found [false]
at jam.pageobjects.SubmitorderTest.submitOrderTest1(SubmitorderTest.java:31)
at java.base/java.util.ArrayList.forEach(ArrayList.java:1511)
at java.base/java.util.concurrent.FutureTask.run(FutureTask.java:264)
at java.base/java.util.concurrent.ThreadPoolExecutor.runWorker(ThreadPoolExecutor.java:1136)
at java.base/java.util.concurrent.ThreadPoolExecutor$Worker.run(ThreadPoolExecutor.java:635)
at java.base/java.lang.Thread.run(Thread.java:842)
... Removed 21 stack frames]]>
    </failure>
  </testcase> <!-- submitOrderTest1 -->
  <testcase classname="jam.pageobjects.SubmitorderTest" name="orderHistoryTest" time="0.0">
    <skipped/>
  </testcase> <!-- orderHistoryTest -->
</testsuite> <!-- Submit Order Test -->
