<?xml version="1.0" encoding="UTF-8"?>
<testng-results ignored="0" total="1" passed="1" failed="0" skipped="0">
  <reporter-output>
  </reporter-output>
  <suite started-at="2025-09-24T18:51:12 IST" name="Default suite" finished-at="2025-09-24T18:51:25 IST" duration-ms="12889">
    <groups>
    </groups>
    <test started-at="2025-09-24T18:51:12 IST" name="Default test" finished-at="2025-09-24T18:51:25 IST" duration-ms="12889">
      <class name="jam.pageobjects.ErrorValidations">
        <test-method is-config="true" signature="lunchApplication()[pri:0, instance:jam.pageobjects.ErrorValidations@74ea2410]" started-at="2025-09-24T18:51:12 IST" name="lunchApplication" finished-at="2025-09-24T18:51:24 IST" duration-ms="11920" status="PASS">
          <reporter-output>
          </reporter-output>
        </test-method> <!-- lunchApplication -->
        <test-method signature="Submitorder()[pri:0, instance:jam.pageobjects.ErrorValidations@74ea2410]" started-at="2025-09-24T18:51:24 IST" name="Submitorder" finished-at="2025-09-24T18:51:24 IST" duration-ms="624" status="PASS">
          <reporter-output>
          </reporter-output>
        </test-method> <!-- Submitorder -->
        <test-method is-config="true" signature="tearDown()[pri:0, instance:jam.pageobjects.ErrorValidations@74ea2410]" started-at="2025-09-24T18:51:24 IST" name="tearDown" finished-at="2025-09-24T18:51:25 IST" duration-ms="293" status="PASS">
          <reporter-output>
          </reporter-output>
        </test-method> <!-- tearDown -->
      </class> <!-- jam.pageobjects.ErrorValidations -->
    </test> <!-- Default test -->
  </suite> <!-- Default suite -->
</testng-results>
