<?xml version="1.0" encoding="UTF-8"?>
<!-- Generated by org.testng.reporters.JUnitReportReporter -->
<testsuite hostname="JAM-T-47" failures="0" tests="2" name="jam.pageobjects.ErrorValidationsTest" time="74.287" errors="0" timestamp="2025-11-21T19:11:28 IST" skipped="0">
  <testcase classname="jam.pageobjects.ErrorValidationsTest" name="ErrorVal" time="53.718"/>
  <testcase classname="jam.pageobjects.ErrorValidationsTest" name="productErrorValidationTest" time="20.569"/>
</testsuite> <!-- jam.pageobjects.ErrorValidationsTest -->
